01-10-2009 04:30
pairevtwait : Wait status done.


01-10-2009 04:30
Split From DPR Production Disk
***********************************


01-10-2009 04:30
Importing Disk Group on HHR host
***********************************
pairevtwait : Wait status done.

Successfully imported dynamic disk group
Name of the new disk group is DPRBUP_DG

V-77-57616-273: DriveLetter S: is not available

pairevtwait : Wait status done.

pairevtwait : Wait status done.

pairevtwait : Wait status done.

pairevtwait : Wait status done.

pairevtwait : Wait status done.

pairevtwait : Wait status done.

pairevtwait : Wait status done.

pairevtwait : Wait status done.

pairevtwait : Wait status done.

pairevtwait : Wait status done.

pairevtwait : Wait status done.

pairevtwait : Wait status done.

pairevtwait : Wait status done.

pairevtwait : Wait status done.

pairevtwait : Wait status done.

pairevtwait : Wait status done.

pairevtwait : Wait status done.

pairevtwait : Wait status done.

pairevtwait : Wait status done.

pairevtwait : Wait status done.

pairevtwait : Wait status done.

pairevtwait : Wait status done.

pairevtwait : Wait status done.

pairevtwait : Wait status done.

pairevtwait : Wait status done.

pairevtwait : Wait status done.

pairevtwait : Wait status done.

pairevtwait : Wait status done.

pairevtwait : Wait status done.

pairevtwait : Wait status done.

pairevtwait : Wait status done.

pairevtwait : Wait status done.

pairevtwait : Wait status done.

pairevtwait : Wait status done.

pairevtwait : Wait status done.

pairevtwait : Wait status done.

pairevtwait : Wait status done.

pairevtwait : Wait status done.

pairevtwait : Wait status done.

pairevtwait : Wait status done.

pairevtwait : Wait status done.

pairevtwait : Wait status done.

pairevtwait : Wait status done.

pairevtwait : Wait status done.

pairevtwait : Wait status done.

pairevtwait : Wait status done.

pairevtwait : Wait status done.

pairevtwait : Wait status done.

pairevtwait : Wait status done.

pairevtwait : Wait status done.

pairevtwait : Wait status done.

pairevtwait : Wait status done.

pairevtwait : Wait status done.

pairevtwait : Wait status done.

pairevtwait : Wait status done.

pairevtwait : Wait status done.

pairevtwait : Wait status done.

pairevtwait : Wait status done.

pairevtwait : Wait status done.

pairevtwait : Wait status done.

pairevtwait : Wait status done.

pairevtwait : Wait status done.

pairevtwait : Wait status done.

pairevtwait : Wait status done.

pairevtwait : Wait status done.

pairevtwait : Wait status done.

pairevtwait : Wait status done.

pairevtwait : Wait status done.

pairevtwait : Wait status done.

pairevtwait : Wait status done.

pairevtwait : Wait status done.

pairevtwait : Wait status done.

pairevtwait : Wait status done.

pairevtwait : Wait status done.

pairevtwait : Wait status done.

pairevtwait : Wait status done.

pairevtwait : Wait status done.

pairevtwait : Wait status done.

pairevtwait : Wait status done.

pairevtwait : Wait status done.

pairevtwait : Wait status done.

pairevtwait : Wait status done.

pairevtwait : Wait status done.

pairevtwait : Wait status done.

pairevtwait : Wait status done.

pairevtwait : Wait status done.

pairevtwait : Wait status done.

pairevtwait : Wait status done.

pairevtwait : Wait status done.


pairevtwait : Wait status done.

pairevtwait : Wait status done.

pairevtwait : Wait status done.

pairevtwait : Wait status done.

pairevtwait : Wait status done.

pairevtwait : Wait status done.

pairevtwait : Wait status done.

pairevtwait : Wait status done.

pairevtwait : Wait status done.

pairevtwait : Wait status done.

pairevtwait : Wait status done.

pairevtwait : Wait status done.

pairevtwait : Wait status done.

pairevtwait : Wait status done.

pairevtwait : Wait status done.


































































